2017-12-28 11:21:48 DEBUG c.c.c.s.a.i.FirmaDigitalServiceImpl:158 [UUID=] - XmlFirmado, <?xml version="1.0" encoding="UTF-8"?><Cancelacion xmlns="http://cancelacfd.sat.gob.mx" xmlns:ns2="http://www.w3.org/2000/09/xmldsig#" Fecha="2017-12-20T13:01:58" RfcEmisor="LAN7008173R5"><Folios><UUID>3eaeabc9-ea41-4627-9609-c6856b78e2b1</UUID></Folios><Signature xmlns="http://www.w3.org/2000/09/xmldsig#"><SignedInfo><CanonicalizationMethod Algorithm="http://www.w3.org/TR/2001/REC-xml-c14n-20010315"/><SignatureMethod Algorithm="http://www.w3.org/2000/09/xmldsig#rsa-sha1"/><Reference URI=""><Transforms><Transform Algorithm="http://www.w3.org/2000/09/xmldsig#enveloped-signature"/></Transforms><DigestMethod Algorithm="http://www.w3.org/2000/09/xmldsig#sha1"/><DigestValue>VDdkQ5++FHuDna00RLw+HynEBR0=</DigestValue></Reference></SignedInfo><SignatureValue>JuGJc2GYPUYrOVkF0L7eGgBSCJDECtYqUWr0KbTZfgWsaKLB+wr6CSIRkhtRG3DI564Eik6s35Wx
FjVdoDhcPy99obOtJV5WlLCLjV6r6XkoTKrXK5rGSCJUWekvXsw31ehSk0ykWnQzfW7OiC2CrJpg
zMxCGEHrrjnhGkGJmkA+NFb3OeGg5d01X+tyVMVdRYskNJ9CNP44dn+zbgtYcNK0epyekAjVxNq1
69rm9WsmussLTvBvqjeGol68q09G5JFVQ0Smzp/4TZoejfOQ9qllspv3tDNXiMRndADdKozZNB5+
eZ103vkeLTgHSy3Dvqwct1BZtEzAjznNB5Kmog==</SignatureValue><KeyInfo><X509Data><X509IssuerSerial><X509IssuerName>OID.1.2.840.113549.1.9.2=Responsable: ACDMA, OID.2.5.4.45=SAT970701NN3, L=Coyoacán, ST=Distrito Federal, C=MX, OID.2.5.4.17=06300, STREET="Av. Hidalgo 77, Col. Guerrero", OID.1.2.840.113549.1.9.1=asisnet@pruebas.sat.gob.mx, OU=Administración de Seguridad de la Información, O=Servicio de Administración Tributaria, CN=A.C. 2 de pruebas(4096)</X509IssuerName><X509SerialNumber>286524172099382162235533054548081509963388170549</X509SerialNumber></X509IssuerSerial><X509Certificate>MIIFxTCCA62gAwIBAgIUMjAwMDEwMDAwMDAzMDAwMjI4MTUwDQYJKoZIhvcNAQELBQAwggFmMSAw
HgYDVQQDDBdBLkMuIDIgZGUgcHJ1ZWJhcyg0MDk2KTEvMC0GA1UECgwmU2VydmljaW8gZGUgQWRt
aW5pc3RyYWNpw7NuIFRyaWJ1dGFyaWExODA2BgNVBAsML0FkbWluaXN0cmFjacOzbiBkZSBTZWd1
cmlkYWQgZGUgbGEgSW5mb3JtYWNpw7NuMSkwJwYJKoZIhvcNAQkBFhphc2lzbmV0QHBydWViYXMu
c2F0LmdvYi5teDEmMCQGA1UECQwdQXYuIEhpZGFsZ28gNzcsIENvbC4gR3VlcnJlcm8xDjAMBgNV
BBEMBTA2MzAwMQswCQYDVQQGEwJNWDEZMBcGA1UECAwQRGlzdHJpdG8gRmVkZXJhbDESMBAGA1UE
BwwJQ295b2Fjw6FuMRUwEwYDVQQtEwxTQVQ5NzA3MDFOTjMxITAfBgkqhkiG9w0BCQIMElJlc3Bv
bnNhYmxlOiBBQ0RNQTAeFw0xNjEwMjUyMTUyMTFaFw0yMDEwMjUyMTUyMTFaMIGxMRowGAYDVQQD
ExFDSU5ERU1FWCBTQSBERSBDVjEaMBgGA1UEKRMRQ0lOREVNRVggU0EgREUgQ1YxGjAYBgNVBAoT
EUNJTkRFTUVYIFNBIERFIENWMSUwIwYDVQQtExxMQU43MDA4MTczUjUgLyBGVUFCNzcwMTE3QlhB
MR4wHAYDVQQFExUgLyBGVUFCNzcwMTE3TURGUk5OMDkxFDASBgNVBAsUC1BydWViYV9DRkRJMIIB
IjANBgkqhkiG9w0BAQEFAAOCAQ8AMIIBCgKCAQEAgvvCiCFDFVaYX7xdVRhp/38ULWto/LKDSZy1
yrXKpaqFXqERJWF78YHKf3N5GBoXgzwFPuDX+5kvY5wtYNxx/Owu2shNZqFFh6EKsysQMeP5rz6k
E1gFYenaPEUP9zj+h0bL3xR5aqoTsqGF24mKBLoiaK44pXBzGzgsxZishVJVM6XbzNJVonEUNbI2
5DhgWAd86f2aU3BmOH2K1RZx41dtTT56UsszJls4tPFODr/caWuZEuUvLp1M3nj7Dyu88mhD2f+1
fA/g7kzcU/1tcpFXF/rIy93APvkU72jwvkrnprzs+SnG81+/F16ahuGsb2EZ88dKHwqxEkwzhMyT
bQIDAQABox0wGzAMBgNVHRMBAf8EAjAAMAsGA1UdDwQEAwIGwDANBgkqhkiG9w0BAQsFAAOCAgEA
J/xkL8I+fpilZP+9aO8n93+20XxVomLJjeSL+Ng2ErL2GgatpLuN5JknFBkZAhxVIgMaTS23zzk1
RLtRaYvH83lBH5E+M+kEjFGp14Fne1iV2Pm3vL4jeLmzHgY1Kf5HmeVrrp4PU7WQg16VpyHaJ/eo
nPNiEBUjcyQ1iFfkzJmnSJvDGtfQK2TiEolDJApYv0OWdm4is9Bsfi9j6lI9/T6MNZ+/LM2L/t72
Vau4r7m94JDEzaO3A0wHAtQ97fjBfBiO5M8AEISAV7eZidIl3iaJJHkQbBYiiW2gikreUZKPUX0H
mlnIqqQcBJhWKRu6Nqk6aZBTETLLpGrvF9OArV1JSsbdw/ZH+P88RAt5em5/gjwwtFlNHyiKG5w+
UFpaZOK3gZP0su0sa6dlPeQ9EL4JlFkGqQCgSQ+NOsXqaOavgoP5VLykLwuGnwIUnuhBTVeDbzpg
rg9LuF5dYp/zs+Y9ScJqe5VMAagLSYTShNtN8luV7LvxF9pgWwZdcM7lUwqJmUddCiZqdngg3vzT
actMToG16gZA4CWnMgbU4E+r541+FNMpgAZNvs2CiW/eApfaaQojsZEAHDsDv4L5n3M1CC7fYjE/
d61aSng1LaO6T1mh+dEfPvLzp7zyzz+UgWMhi5Cs4pcXx1eic5r7uxPoBwcCTt3YI1jKVVnV7/w=</X509Certificate></X509Data></KeyInfo></Signature></Cancelacion>
2017-12-28 11:21:48 INFO  c.c.c.s.a.i.FirmaDigitalServiceImpl:160 [UUID=] - Xml firmado de manera correcta ...
2017-12-28 11:21:49 DEBUG c.c.c.s.a.impl.CancelarServiceImpl:124 [UUID=] - XML Cancelacion 
<?xml version="1.0" encoding="UTF-8" standalone="yes"?><ns2:Cancelacion RfcEmisor="LAN7008173R5" Fecha="2017-12-28T11:21:49" xmlns:sig="http://www.w3.org/2000/09/xmldsig#" xmlns:ns2="http://cancelacfd.sat.gob.mx"><ns2:Folios><ns2:UUID>3eaeabc9-ea41-4627-9609-c6856b78e2b1</ns2:UUID></ns2:Folios></ns2:Cancelacion>
2017-12-28 12:10:16 DEBUG c.c.c.s.a.i.FirmaDigitalServiceImpl:158 [UUID=] - XmlFirmado, <?xml version="1.0" encoding="UTF-8"?><Cancelacion xmlns="http://cancelacfd.sat.gob.mx" xmlns:ns2="http://www.w3.org/2000/09/xmldsig#" Fecha="2017-12-20T13:01:58" RfcEmisor="LAN7008173R5"><Folios><UUID>3eaeabc9-ea41-4627-9609-c6856b78e2b1</UUID></Folios><Signature xmlns="http://www.w3.org/2000/09/xmldsig#"><SignedInfo><CanonicalizationMethod Algorithm="http://www.w3.org/TR/2001/REC-xml-c14n-20010315"/><SignatureMethod Algorithm="http://www.w3.org/2000/09/xmldsig#rsa-sha1"/><Reference URI=""><Transforms><Transform Algorithm="http://www.w3.org/2000/09/xmldsig#enveloped-signature"/></Transforms><DigestMethod Algorithm="http://www.w3.org/2000/09/xmldsig#sha1"/><DigestValue>VDdkQ5++FHuDna00RLw+HynEBR0=</DigestValue></Reference></SignedInfo><SignatureValue>JuGJc2GYPUYrOVkF0L7eGgBSCJDECtYqUWr0KbTZfgWsaKLB+wr6CSIRkhtRG3DI564Eik6s35Wx
FjVdoDhcPy99obOtJV5WlLCLjV6r6XkoTKrXK5rGSCJUWekvXsw31ehSk0ykWnQzfW7OiC2CrJpg
zMxCGEHrrjnhGkGJmkA+NFb3OeGg5d01X+tyVMVdRYskNJ9CNP44dn+zbgtYcNK0epyekAjVxNq1
69rm9WsmussLTvBvqjeGol68q09G5JFVQ0Smzp/4TZoejfOQ9qllspv3tDNXiMRndADdKozZNB5+
eZ103vkeLTgHSy3Dvqwct1BZtEzAjznNB5Kmog==</SignatureValue><KeyInfo><X509Data><X509IssuerSerial><X509IssuerName>OID.1.2.840.113549.1.9.2=Responsable: ACDMA, OID.2.5.4.45=SAT970701NN3, L=Coyoacán, ST=Distrito Federal, C=MX, OID.2.5.4.17=06300, STREET="Av. Hidalgo 77, Col. Guerrero", OID.1.2.840.113549.1.9.1=asisnet@pruebas.sat.gob.mx, OU=Administración de Seguridad de la Información, O=Servicio de Administración Tributaria, CN=A.C. 2 de pruebas(4096)</X509IssuerName><X509SerialNumber>286524172099382162235533054548081509963388170549</X509SerialNumber></X509IssuerSerial><X509Certificate>MIIFxTCCA62gAwIBAgIUMjAwMDEwMDAwMDAzMDAwMjI4MTUwDQYJKoZIhvcNAQELBQAwggFmMSAw
HgYDVQQDDBdBLkMuIDIgZGUgcHJ1ZWJhcyg0MDk2KTEvMC0GA1UECgwmU2VydmljaW8gZGUgQWRt
aW5pc3RyYWNpw7NuIFRyaWJ1dGFyaWExODA2BgNVBAsML0FkbWluaXN0cmFjacOzbiBkZSBTZWd1
cmlkYWQgZGUgbGEgSW5mb3JtYWNpw7NuMSkwJwYJKoZIhvcNAQkBFhphc2lzbmV0QHBydWViYXMu
c2F0LmdvYi5teDEmMCQGA1UECQwdQXYuIEhpZGFsZ28gNzcsIENvbC4gR3VlcnJlcm8xDjAMBgNV
BBEMBTA2MzAwMQswCQYDVQQGEwJNWDEZMBcGA1UECAwQRGlzdHJpdG8gRmVkZXJhbDESMBAGA1UE
BwwJQ295b2Fjw6FuMRUwEwYDVQQtEwxTQVQ5NzA3MDFOTjMxITAfBgkqhkiG9w0BCQIMElJlc3Bv
bnNhYmxlOiBBQ0RNQTAeFw0xNjEwMjUyMTUyMTFaFw0yMDEwMjUyMTUyMTFaMIGxMRowGAYDVQQD
ExFDSU5ERU1FWCBTQSBERSBDVjEaMBgGA1UEKRMRQ0lOREVNRVggU0EgREUgQ1YxGjAYBgNVBAoT
EUNJTkRFTUVYIFNBIERFIENWMSUwIwYDVQQtExxMQU43MDA4MTczUjUgLyBGVUFCNzcwMTE3QlhB
MR4wHAYDVQQFExUgLyBGVUFCNzcwMTE3TURGUk5OMDkxFDASBgNVBAsUC1BydWViYV9DRkRJMIIB
IjANBgkqhkiG9w0BAQEFAAOCAQ8AMIIBCgKCAQEAgvvCiCFDFVaYX7xdVRhp/38ULWto/LKDSZy1
yrXKpaqFXqERJWF78YHKf3N5GBoXgzwFPuDX+5kvY5wtYNxx/Owu2shNZqFFh6EKsysQMeP5rz6k
E1gFYenaPEUP9zj+h0bL3xR5aqoTsqGF24mKBLoiaK44pXBzGzgsxZishVJVM6XbzNJVonEUNbI2
5DhgWAd86f2aU3BmOH2K1RZx41dtTT56UsszJls4tPFODr/caWuZEuUvLp1M3nj7Dyu88mhD2f+1
fA/g7kzcU/1tcpFXF/rIy93APvkU72jwvkrnprzs+SnG81+/F16ahuGsb2EZ88dKHwqxEkwzhMyT
bQIDAQABox0wGzAMBgNVHRMBAf8EAjAAMAsGA1UdDwQEAwIGwDANBgkqhkiG9w0BAQsFAAOCAgEA
J/xkL8I+fpilZP+9aO8n93+20XxVomLJjeSL+Ng2ErL2GgatpLuN5JknFBkZAhxVIgMaTS23zzk1
RLtRaYvH83lBH5E+M+kEjFGp14Fne1iV2Pm3vL4jeLmzHgY1Kf5HmeVrrp4PU7WQg16VpyHaJ/eo
nPNiEBUjcyQ1iFfkzJmnSJvDGtfQK2TiEolDJApYv0OWdm4is9Bsfi9j6lI9/T6MNZ+/LM2L/t72
Vau4r7m94JDEzaO3A0wHAtQ97fjBfBiO5M8AEISAV7eZidIl3iaJJHkQbBYiiW2gikreUZKPUX0H
mlnIqqQcBJhWKRu6Nqk6aZBTETLLpGrvF9OArV1JSsbdw/ZH+P88RAt5em5/gjwwtFlNHyiKG5w+
UFpaZOK3gZP0su0sa6dlPeQ9EL4JlFkGqQCgSQ+NOsXqaOavgoP5VLykLwuGnwIUnuhBTVeDbzpg
rg9LuF5dYp/zs+Y9ScJqe5VMAagLSYTShNtN8luV7LvxF9pgWwZdcM7lUwqJmUddCiZqdngg3vzT
actMToG16gZA4CWnMgbU4E+r541+FNMpgAZNvs2CiW/eApfaaQojsZEAHDsDv4L5n3M1CC7fYjE/
d61aSng1LaO6T1mh+dEfPvLzp7zyzz+UgWMhi5Cs4pcXx1eic5r7uxPoBwcCTt3YI1jKVVnV7/w=</X509Certificate></X509Data></KeyInfo></Signature></Cancelacion>
2017-12-28 12:10:16 INFO  c.c.c.s.a.i.FirmaDigitalServiceImpl:160 [UUID=] - Xml firmado de manera correcta ...
2017-12-28 12:10:16 DEBUG c.c.c.s.a.impl.CancelarServiceImpl:124 [UUID=] - XML Cancelacion 
<?xml version="1.0" encoding="UTF-8" standalone="yes"?><cancelacion RfcEmisor="LAN7008173R5" Fecha="2017-12-28T12:10:16" xmlns="http://cancelacfd.sat.gob.mx" xmlns:sig="http://www.w3.org/2000/09/xmldsig#"><Folios><UUID>3eaeabc9-ea41-4627-9609-c6856b78e2b1</UUID></Folios></cancelacion>
2017-12-28 12:16:45 DEBUG c.c.c.s.a.i.FirmaDigitalServiceImpl:158 [UUID=] - XmlFirmado, <?xml version="1.0" encoding="UTF-8"?><Cancelacion xmlns="http://cancelacfd.sat.gob.mx" xmlns:ns2="http://www.w3.org/2000/09/xmldsig#" Fecha="2017-12-20T13:01:58" RfcEmisor="LAN7008173R5"><Folios><UUID>3eaeabc9-ea41-4627-9609-c6856b78e2b1</UUID></Folios><Signature xmlns="http://www.w3.org/2000/09/xmldsig#"><SignedInfo><CanonicalizationMethod Algorithm="http://www.w3.org/TR/2001/REC-xml-c14n-20010315"/><SignatureMethod Algorithm="http://www.w3.org/2000/09/xmldsig#rsa-sha1"/><Reference URI=""><Transforms><Transform Algorithm="http://www.w3.org/2000/09/xmldsig#enveloped-signature"/></Transforms><DigestMethod Algorithm="http://www.w3.org/2000/09/xmldsig#sha1"/><DigestValue>VDdkQ5++FHuDna00RLw+HynEBR0=</DigestValue></Reference></SignedInfo><SignatureValue>JuGJc2GYPUYrOVkF0L7eGgBSCJDECtYqUWr0KbTZfgWsaKLB+wr6CSIRkhtRG3DI564Eik6s35Wx
FjVdoDhcPy99obOtJV5WlLCLjV6r6XkoTKrXK5rGSCJUWekvXsw31ehSk0ykWnQzfW7OiC2CrJpg
zMxCGEHrrjnhGkGJmkA+NFb3OeGg5d01X+tyVMVdRYskNJ9CNP44dn+zbgtYcNK0epyekAjVxNq1
69rm9WsmussLTvBvqjeGol68q09G5JFVQ0Smzp/4TZoejfOQ9qllspv3tDNXiMRndADdKozZNB5+
eZ103vkeLTgHSy3Dvqwct1BZtEzAjznNB5Kmog==</SignatureValue><KeyInfo><X509Data><X509IssuerSerial><X509IssuerName>OID.1.2.840.113549.1.9.2=Responsable: ACDMA, OID.2.5.4.45=SAT970701NN3, L=Coyoacán, ST=Distrito Federal, C=MX, OID.2.5.4.17=06300, STREET="Av. Hidalgo 77, Col. Guerrero", OID.1.2.840.113549.1.9.1=asisnet@pruebas.sat.gob.mx, OU=Administración de Seguridad de la Información, O=Servicio de Administración Tributaria, CN=A.C. 2 de pruebas(4096)</X509IssuerName><X509SerialNumber>286524172099382162235533054548081509963388170549</X509SerialNumber></X509IssuerSerial><X509Certificate>MIIFxTCCA62gAwIBAgIUMjAwMDEwMDAwMDAzMDAwMjI4MTUwDQYJKoZIhvcNAQELBQAwggFmMSAw
HgYDVQQDDBdBLkMuIDIgZGUgcHJ1ZWJhcyg0MDk2KTEvMC0GA1UECgwmU2VydmljaW8gZGUgQWRt
aW5pc3RyYWNpw7NuIFRyaWJ1dGFyaWExODA2BgNVBAsML0FkbWluaXN0cmFjacOzbiBkZSBTZWd1
cmlkYWQgZGUgbGEgSW5mb3JtYWNpw7NuMSkwJwYJKoZIhvcNAQkBFhphc2lzbmV0QHBydWViYXMu
c2F0LmdvYi5teDEmMCQGA1UECQwdQXYuIEhpZGFsZ28gNzcsIENvbC4gR3VlcnJlcm8xDjAMBgNV
BBEMBTA2MzAwMQswCQYDVQQGEwJNWDEZMBcGA1UECAwQRGlzdHJpdG8gRmVkZXJhbDESMBAGA1UE
BwwJQ295b2Fjw6FuMRUwEwYDVQQtEwxTQVQ5NzA3MDFOTjMxITAfBgkqhkiG9w0BCQIMElJlc3Bv
bnNhYmxlOiBBQ0RNQTAeFw0xNjEwMjUyMTUyMTFaFw0yMDEwMjUyMTUyMTFaMIGxMRowGAYDVQQD
ExFDSU5ERU1FWCBTQSBERSBDVjEaMBgGA1UEKRMRQ0lOREVNRVggU0EgREUgQ1YxGjAYBgNVBAoT
EUNJTkRFTUVYIFNBIERFIENWMSUwIwYDVQQtExxMQU43MDA4MTczUjUgLyBGVUFCNzcwMTE3QlhB
MR4wHAYDVQQFExUgLyBGVUFCNzcwMTE3TURGUk5OMDkxFDASBgNVBAsUC1BydWViYV9DRkRJMIIB
IjANBgkqhkiG9w0BAQEFAAOCAQ8AMIIBCgKCAQEAgvvCiCFDFVaYX7xdVRhp/38ULWto/LKDSZy1
yrXKpaqFXqERJWF78YHKf3N5GBoXgzwFPuDX+5kvY5wtYNxx/Owu2shNZqFFh6EKsysQMeP5rz6k
E1gFYenaPEUP9zj+h0bL3xR5aqoTsqGF24mKBLoiaK44pXBzGzgsxZishVJVM6XbzNJVonEUNbI2
5DhgWAd86f2aU3BmOH2K1RZx41dtTT56UsszJls4tPFODr/caWuZEuUvLp1M3nj7Dyu88mhD2f+1
fA/g7kzcU/1tcpFXF/rIy93APvkU72jwvkrnprzs+SnG81+/F16ahuGsb2EZ88dKHwqxEkwzhMyT
bQIDAQABox0wGzAMBgNVHRMBAf8EAjAAMAsGA1UdDwQEAwIGwDANBgkqhkiG9w0BAQsFAAOCAgEA
J/xkL8I+fpilZP+9aO8n93+20XxVomLJjeSL+Ng2ErL2GgatpLuN5JknFBkZAhxVIgMaTS23zzk1
RLtRaYvH83lBH5E+M+kEjFGp14Fne1iV2Pm3vL4jeLmzHgY1Kf5HmeVrrp4PU7WQg16VpyHaJ/eo
nPNiEBUjcyQ1iFfkzJmnSJvDGtfQK2TiEolDJApYv0OWdm4is9Bsfi9j6lI9/T6MNZ+/LM2L/t72
Vau4r7m94JDEzaO3A0wHAtQ97fjBfBiO5M8AEISAV7eZidIl3iaJJHkQbBYiiW2gikreUZKPUX0H
mlnIqqQcBJhWKRu6Nqk6aZBTETLLpGrvF9OArV1JSsbdw/ZH+P88RAt5em5/gjwwtFlNHyiKG5w+
UFpaZOK3gZP0su0sa6dlPeQ9EL4JlFkGqQCgSQ+NOsXqaOavgoP5VLykLwuGnwIUnuhBTVeDbzpg
rg9LuF5dYp/zs+Y9ScJqe5VMAagLSYTShNtN8luV7LvxF9pgWwZdcM7lUwqJmUddCiZqdngg3vzT
actMToG16gZA4CWnMgbU4E+r541+FNMpgAZNvs2CiW/eApfaaQojsZEAHDsDv4L5n3M1CC7fYjE/
d61aSng1LaO6T1mh+dEfPvLzp7zyzz+UgWMhi5Cs4pcXx1eic5r7uxPoBwcCTt3YI1jKVVnV7/w=</X509Certificate></X509Data></KeyInfo></Signature></Cancelacion>
2017-12-28 12:16:45 INFO  c.c.c.s.a.i.FirmaDigitalServiceImpl:160 [UUID=] - Xml firmado de manera correcta ...
2017-12-28 12:16:46 DEBUG c.c.c.s.a.impl.CancelarServiceImpl:124 [UUID=] - XML Cancelacion 
<?xml version="1.0" encoding="UTF-8" standalone="yes"?><Cancelacion RfcEmisor="LAN7008173R5" Fecha="2017-12-28T12:16:46" xmlns="http://cancelacfd.sat.gob.mx" xmlns:sig="http://www.w3.org/2000/09/xmldsig#"><Folios><UUID>3eaeabc9-ea41-4627-9609-c6856b78e2b1</UUID></Folios></Cancelacion>
